<?xml version="1.0" encoding="UTF-8"?>
<testng-results ignored="0" total="1" passed="1" failed="0" skipped="0">
  <reporter-output>
  </reporter-output>
  <suite started-at="2024-08-03T23:27:29 IST" name="Default suite" finished-at="2024-08-03T23:27:41 IST" duration-ms="11905">
    <groups>
    </groups>
    <test started-at="2024-08-03T23:27:29 IST" name="Default test" finished-at="2024-08-03T23:27:41 IST" duration-ms="11905">
      <class name="calulator.revenue.fitpeo.FitpeoRevenueCalculator">
        <test-method is-config="true" signature="setUp()[pri:0, instance:calulator.revenue.fitpeo.FitpeoRevenueCalculator@57d7f8ca]" started-at="2024-08-03T23:27:29 IST" name="setUp" finished-at="2024-08-03T23:27:33 IST" duration-ms="3548" status="PASS">
          <reporter-output>
          </reporter-output>
        </test-method> <!-- setUp -->
        <test-method signature="testRevenueCalculator()[pri:0, instance:calulator.revenue.fitpeo.FitpeoRevenueCalculator@57d7f8ca]" started-at="2024-08-03T23:27:33 IST" name="testRevenueCalculator" finished-at="2024-08-03T23:27:41 IST" duration-ms="7912" status="PASS">
          <reporter-output>
          </reporter-output>
        </test-method> <!-- testRevenueCalculator -->
        <test-method is-config="true" signature="tearDown()[pri:0, instance:calulator.revenue.fitpeo.FitpeoRevenueCalculator@57d7f8ca]" started-at="2024-08-03T23:27:41 IST" name="tearDown" finished-at="2024-08-03T23:27:41 IST" duration-ms="369" status="PASS">
          <reporter-output>
          </reporter-output>
        </test-method> <!-- tearDown -->
      </class> <!-- calulator.revenue.fitpeo.FitpeoRevenueCalculator -->
    </test> <!-- Default test -->
  </suite> <!-- Default suite -->
</testng-results>
